<?xml version="1.0" encoding="UTF-8"?>
<!-- Generated by org.testng.reporters.JUnitReportReporter -->
<testsuite hostname="RajeshK" name="testing.testcase" tests="1" failures="0" timestamp="15 May 2019 08:40:33 GMT" time="0.332" errors="0">
  <testcase name="prime" time="0.332" classname="testing.testcase"/>
</testsuite> <!-- testing.testcase -->
